[debug] [2021-04-21T16:41:26.681Z] ----------------------------------------------------------------------
[debug] [2021-04-21T16:41:26.687Z] Command:       C:\Program Files\nodejs\node.exe C:\Users\shrut\AppData\Roaming\npm\node_modules\firebase-tools\lib\bin\firebase.js init
[debug] [2021-04-21T16:41:26.688Z] CLI Version:   9.8.0
[debug] [2021-04-21T16:41:26.688Z] Platform:      win32
[debug] [2021-04-21T16:41:26.689Z] Node Version:  v14.16.0
[debug] [2021-04-21T16:41:26.692Z] Time:          Wed Apr 21 2021 22:11:26 GMT+0530 (India Standard Time)
[debug] [2021-04-21T16:41:26.693Z] ----------------------------------------------------------------------
[debug] 
[debug] [2021-04-21T16:41:26.699Z] >>> [apiv2][query] GET https://firebase-public.firebaseio.com/cli.json [none]
[debug] [2021-04-21T16:41:26.754Z] > command requires scopes: ["email","openid","https://www.googleapis.com/auth/cloudplatformprojects.readonly","https://www.googleapis.com/auth/firebase","https://www.googleapis.com/auth/cloud-platform"]
[debug] [2021-04-21T16:41:26.755Z] > authorizing via signed-in user
[info] 
     ######## #### ########  ######## ########     ###     ######  ########
     ##        ##  ##     ## ##       ##     ##  ##   ##  ##       ##
     ######    ##  ########  ######   ########  #########  ######  ######
     ##        ##  ##    ##  ##       ##     ## ##     ##       ## ##
     ##       #### ##     ## ######## ########  ##     ##  ######  ########

You're about to initialize a Firebase project in this directory:

  C:\Users\shrut\cs305\1\passwdless-auth\Firebase

[debug] [2021-04-21T16:41:35.944Z] <<< [apiv2][status] GET https://firebase-public.firebaseio.com/cli.json 200
[debug] [2021-04-21T16:41:35.945Z] <<< [apiv2][body] GET https://firebase-public.firebaseio.com/cli.json {"cloudBuildErrorAfter":1594252800000,"cloudBuildWarnAfter":1590019200000,"defaultNode10After":1594252800000,"minVersion":"3.0.5","node8DeploysDisabledAfter":1613390400000,"node8RuntimeDisabledAfter":1615809600000,"node8WarnAfter":1600128000000}
